commit 673f1d684962898092ad36d5f35f2760bc05be0a
Author: Fernando <flarap17@gmail.com>
Date:   Fri Sep 8 14:05:05 2023 -0600

    Updated README.md file

commit ce39247c09d21fc9afe723bc5dd237d742f2b88a
Author: Fernando <flarap17@gmail.com>
Date:   Fri Sep 8 13:49:30 2023 -0600

    Website for GCP project already running in GKE

commit 3823c48de3c5e53db1cd5f6134b5f995c4c156fd
Author: G.Niruthian <g.niruthian15@gmail.com>
Date:   Mon Jan 3 18:37:55 2022 +0530

    Update README.md

commit b2d2b22ccdc2b238598beb9106f56a4880c67442
Author: G.Niruthian <g.niruthian15@gmail.com>
Date:   Sun Jan 2 17:29:11 2022 +0530

    Update README.md

commit e07bf38a78a13e4be4832feec4b067e7d6025ff9
Author: G.Niruthian <g.niruthian15@gmail.com>
Date:   Sun Jan 2 17:28:49 2022 +0530

    Update README.md

commit 0397996694f5f194c10aff29fb69dc281db3a751
Author: G.Niruthian <88297426+GNiruthian@users.noreply.github.com>
Date:   Sat Nov 27 07:49:17 2021 +0530

    Create README.md

commit c1b8f7e7966f212a7ce1fa24e9c721e0168d8047
Author: G.Niruthian <88297426+GNiruthian@users.noreply.github.com>
Date:   Sat Oct 30 06:48:24 2021 +0530

    Add files via upload

commit 3dc4c027ccfc6224789c94baa0928a2768846a71
Author: G.Niruthian <88297426+GNiruthian@users.noreply.github.com>
Date:   Sat Oct 30 06:32:17 2021 +0530

    Initial commit
